<?xml version="1.0" encoding="UTF-8"?>
<!-- Generated by org.testng.reporters.JUnitReportReporter -->
<testsuite skipped="0" hostname="Mohamed-Ossama" name="Secnarios" tests="1" failures="0" timestamp="21 May 2018 08:56:44 GMT" time="41.583" errors="0">
  <testcase name="record" time="41.583" classname="Secnarios"/>
</testsuite> <!-- Secnarios -->
