<?xml version="1.0" encoding="UTF-8"?>
<!-- Generated by org.testng.reporters.JUnitReportReporter -->
<testsuite skipped="0" hostname="Mohamed-Ossama" name="Base" tests="1" failures="0" timestamp="06 Feb 2018 13:34:55 GMT" time="36.550" errors="0">
  <testcase name="dependencies" time="36.550" classname="Base"/>
</testsuite> <!-- Base -->
