<?xml version="1.0" encoding="UTF-8"?>
<!-- Generated by org.testng.reporters.JUnitReportReporter -->
<testsuite skipped="0" hostname="Mohamed-Ossama" name="Secnarios" tests="1" failures="0" timestamp="24 May 2018 11:18:11 GMT" time="62.554" errors="0">
  <testcase name="record" time="62.554" classname="Secnarios"/>
</testsuite> <!-- Secnarios -->
