<?xml version="1.0" encoding="UTF-8"?>
<!-- Generated by org.testng.reporters.JUnitReportReporter -->
<testsuite skipped="0" hostname="Mohamed-Ossama" name="Secnarios" tests="1" failures="0" timestamp="21 May 2018 11:47:50 GMT" time="63.387" errors="0">
  <testcase name="record" time="63.387" classname="Secnarios"/>
</testsuite> <!-- Secnarios -->
